  [1m[35m (48.3ms)[0m  [1m[35mCREATE TABLE "schema_migrations" ("version" character varying NOT NULL PRIMARY KEY)[0m
  [1m[35m (6.3ms)[0m  [1m[35mCREATE TABLE "ar_internal_metadata" ("key" character varying NOT NULL PRIMARY KEY, "value" character varying, "created_at" timestamp NOT NULL, "updated_at" timestamp NOT NULL)[0m
  [1m[35m (3.4ms)[0m  [1m[34mSELECT pg_try_advisory_lock(1653252255123890610)[0m
  [1m[35m (1.6ms)[0m  [1m[34mSELECT "schema_migrations"."version" FROM "schema_migrations" ORDER BY "schema_migrations"."version" ASC[0m
Migrating to DeviseCreateUsers (20180123003640)
  [1m[35m (0.3ms)[0m  [1m[35mBEGIN[0m
  [1m[35m (14.1ms)[0m  [1m[35mCREATE TABLE "users" ("id" bigserial primary key, "email" character varying DEFAULT '' NOT NULL, "encrypted_password" character varying DEFAULT '' NOT NULL, "username" character varying, "location" character varying NOT NULL, "moto" character varying, "userimage" character varying, "rox_count" bigint DEFAULT 0 NOT NULL, "reset_password_token" character varying, "reset_password_sent_at" timestamp, "remember_created_at" timestamp, "sign_in_count" integer DEFAULT 0 NOT NULL, "current_sign_in_at" timestamp, "last_sign_in_at" timestamp, "current_sign_in_ip" inet, "last_sign_in_ip" inet, "created_at" timestamp NOT NULL, "updated_at" timestamp NOT NULL)[0m
  [1m[35m (2.5ms)[0m  [1m[35mCREATE UNIQUE INDEX  "index_users_on_email" ON "users"  ("email")[0m
  [1m[35m (1.3ms)[0m  [1m[35mCREATE UNIQUE INDEX  "index_users_on_reset_password_token" ON "users"  ("reset_password_token")[0m
  [1m[35mSQL (3.3ms)[0m  [1m[32mINSERT INTO "schema_migrations" ("version") VALUES ($1) RETURNING "version"[0m  [["version", "20180123003640"]]
  [1m[35m (1.3ms)[0m  [1m[35mCOMMIT[0m
  [1m[36mActiveRecord::InternalMetadata Load (0.9ms)[0m  [1m[34mSELECT  "ar_internal_metadata".* FROM "ar_internal_metadata" WHERE "ar_internal_metadata"."key" = $1 LIMIT $2[0m  [["key", "environment"], ["LIMIT", 1]]
  [1m[35m (0.4ms)[0m  [1m[35mBEGIN[0m
  [1m[35mSQL (1.4ms)[0m  [1m[32mINSERT INTO "ar_internal_metadata" ("key", "value", "created_at", "updated_at") VALUES ($1, $2, $3, $4) RETURNING "key"[0m  [["key", "environment"], ["value", "development"], ["created_at", "2018-01-23 00:44:32.900136"], ["updated_at", "2018-01-23 00:44:32.900136"]]
  [1m[35m (0.4ms)[0m  [1m[35mCOMMIT[0m
  [1m[35m (0.3ms)[0m  [1m[34mSELECT pg_advisory_unlock(1653252255123890610)[0m
  [1m[35m (1.1ms)[0m  [1m[34mSELECT "schema_migrations"."version" FROM "schema_migrations" ORDER BY "schema_migrations"."version" ASC[0m
  [1m[35m (0.3ms)[0m  [1m[34mSELECT pg_try_advisory_lock(1653252255123890610)[0m
  [1m[35m (1.8ms)[0m  [1m[34mSELECT "schema_migrations"."version" FROM "schema_migrations" ORDER BY "schema_migrations"."version" ASC[0m
  [1m[36mActiveRecord::InternalMetadata Load (1.5ms)[0m  [1m[34mSELECT  "ar_internal_metadata".* FROM "ar_internal_metadata" WHERE "ar_internal_metadata"."key" = $1 LIMIT $2[0m  [["key", "environment"], ["LIMIT", 1]]
  [1m[35m (0.3ms)[0m  [1m[35mBEGIN[0m
  [1m[35m (0.2ms)[0m  [1m[35mCOMMIT[0m
  [1m[35m (0.4ms)[0m  [1m[34mSELECT pg_advisory_unlock(1653252255123890610)[0m
  [1m[35m (0.4ms)[0m  [1m[34mSELECT "schema_migrations"."version" FROM "schema_migrations" ORDER BY "schema_migrations"."version" ASC[0m
  [1m[35m (1.0ms)[0m  [1m[34mSELECT pg_try_advisory_lock(1653252255123890610)[0m
  [1m[35m (2.3ms)[0m  [1m[34mSELECT "schema_migrations"."version" FROM "schema_migrations" ORDER BY "schema_migrations"."version" ASC[0m
Migrating to CreateThreads (20180123232532)
  [1m[35m (0.8ms)[0m  [1m[35mBEGIN[0m
  [1m[35m (47.5ms)[0m  [1m[35mCREATE TABLE "threads" ("id" bigserial primary key, "title" character varying NOT NULL, "tags" character varying, "content" text NOT NULL, "user_id" bigint, "created_at" timestamp NOT NULL, "updated_at" timestamp NOT NULL)[0m
  [1m[35m (3.1ms)[0m  [1m[35mCREATE  INDEX  "index_threads_on_user_id" ON "threads"  ("user_id")[0m
  [1m[35mSQL (0.8ms)[0m  [1m[32mINSERT INTO "schema_migrations" ("version") VALUES ($1) RETURNING "version"[0m  [["version", "20180123232532"]]
  [1m[35m (3.2ms)[0m  [1m[35mCOMMIT[0m
  [1m[36mActiveRecord::InternalMetadata Load (2.7ms)[0m  [1m[34mSELECT  "ar_internal_metadata".* FROM "ar_internal_metadata" WHERE "ar_internal_metadata"."key" = $1 LIMIT $2[0m  [["key", "environment"], ["LIMIT", 1]]
  [1m[35m (0.3ms)[0m  [1m[35mBEGIN[0m
  [1m[35m (0.3ms)[0m  [1m[35mCOMMIT[0m
  [1m[35m (0.4ms)[0m  [1m[34mSELECT pg_advisory_unlock(1653252255123890610)[0m
  [1m[35m (0.4ms)[0m  [1m[34mSELECT "schema_migrations"."version" FROM "schema_migrations" ORDER BY "schema_migrations"."version" ASC[0m
  [1m[35m (1.3ms)[0m  [1m[34mSELECT "schema_migrations"."version" FROM "schema_migrations" ORDER BY "schema_migrations"."version" ASC[0m
  [1m[35m (0.5ms)[0m  [1m[34mSELECT pg_try_advisory_lock(1653252255123890610)[0m
  [1m[35m (0.5ms)[0m  [1m[34mSELECT "schema_migrations"."version" FROM "schema_migrations" ORDER BY "schema_migrations"."version" ASC[0m
Migrating to CreateThreads (20180123232532)
  [1m[35m (0.3ms)[0m  [1m[35mBEGIN[0m
  [1m[35m (7.5ms)[0m  [1m[35mDROP TABLE "threads"[0m
  [1m[35mSQL (0.9ms)[0m  [1m[31mDELETE FROM "schema_migrations" WHERE "schema_migrations"."version" = $1[0m  [["version", "20180123232532"]]
  [1m[35m (6.7ms)[0m  [1m[35mCOMMIT[0m
  [1m[35m (0.4ms)[0m  [1m[34mSELECT pg_advisory_unlock(1653252255123890610)[0m
  [1m[35m (0.7ms)[0m  [1m[34mSELECT "schema_migrations"."version" FROM "schema_migrations" ORDER BY "schema_migrations"."version" ASC[0m
  [1m[35m (0.8ms)[0m  [1m[34mSELECT pg_try_advisory_lock(1653252255123890610)[0m
  [1m[35m (2.1ms)[0m  [1m[34mSELECT "schema_migrations"."version" FROM "schema_migrations" ORDER BY "schema_migrations"."version" ASC[0m
Migrating to CreateThreads (20180123232532)
  [1m[35m (0.3ms)[0m  [1m[35mBEGIN[0m
  [1m[35m (8.4ms)[0m  [1m[35mCREATE TABLE "threads" ("id" bigserial primary key, "title" character varying NOT NULL, "tags" character varying, "content" text NOT NULL, "user_id" bigint, "created_at" timestamp NOT NULL, "updated_at" timestamp NOT NULL)[0m
  [1m[35m (1.8ms)[0m  [1m[35mCREATE  INDEX  "index_threads_on_user_id" ON "threads"  ("user_id")[0m
  [1m[35mSQL (0.6ms)[0m  [1m[32mINSERT INTO "schema_migrations" ("version") VALUES ($1) RETURNING "version"[0m  [["version", "20180123232532"]]
  [1m[35m (0.6ms)[0m  [1m[35mCOMMIT[0m
  [1m[36mActiveRecord::InternalMetadata Load (0.6ms)[0m  [1m[34mSELECT  "ar_internal_metadata".* FROM "ar_internal_metadata" WHERE "ar_internal_metadata"."key" = $1 LIMIT $2[0m  [["key", "environment"], ["LIMIT", 1]]
  [1m[35m (0.3ms)[0m  [1m[35mBEGIN[0m
  [1m[35m (0.3ms)[0m  [1m[35mCOMMIT[0m
  [1m[35m (0.4ms)[0m  [1m[34mSELECT pg_advisory_unlock(1653252255123890610)[0m
  [1m[35m (0.4ms)[0m  [1m[34mSELECT "schema_migrations"."version" FROM "schema_migrations" ORDER BY "schema_migrations"."version" ASC[0m
Started GET "/" for 127.0.0.1 at 2018-01-23 19:34:21 -0500
  [1m[35m (2.2ms)[0m  [1m[34mSELECT "schema_migrations"."version" FROM "schema_migrations" ORDER BY "schema_migrations"."version" ASC[0m
Processing by HomesController#index as HTML
  Rendering homes/index.html.erb within layouts/application
  Rendered homes/index.html.erb within layouts/application (1.5ms)
Completed 200 OK in 13533ms (Views: 13530.8ms | ActiveRecord: 0.0ms)


Started GET "/threads" for 127.0.0.1 at 2018-01-23 19:34:42 -0500
  
AbstractController::ActionNotFound (The action 'index' could not be found for ThreadsController):
  
actionpack (5.1.4) lib/abstract_controller/base.rb:119:in `process'
actionview (5.1.4) lib/action_view/rendering.rb:30:in `process'
actionpack (5.1.4) lib/action_controller/metal.rb:189:in `dispatch'
actionpack (5.1.4) lib/action_controller/metal.rb:253:in `dispatch'
actionpack (5.1.4) lib/action_dispatch/routing/route_set.rb:49:in `dispatch'
actionpack (5.1.4) lib/action_dispatch/routing/route_set.rb:31:in `serve'
actionpack (5.1.4) lib/action_dispatch/journey/router.rb:50:in `block in serve'
actionpack (5.1.4) lib/action_dispatch/journey/router.rb:33:in `each'
actionpack (5.1.4) lib/action_dispatch/journey/router.rb:33:in `serve'
actionpack (5.1.4) lib/action_dispatch/routing/route_set.rb:834:in `call'
warden (1.2.7) lib/warden/manager.rb:36:in `block in call'
warden (1.2.7) lib/warden/manager.rb:35:in `catch'
warden (1.2.7) lib/warden/manager.rb:35:in `call'
rack (2.0.3) lib/rack/etag.rb:25:in `call'
rack (2.0.3) lib/rack/conditional_get.rb:25:in `call'
rack (2.0.3) lib/rack/head.rb:12:in `call'
rack (2.0.3) lib/rack/session/abstract/id.rb:232:in `context'
rack (2.0.3) lib/rack/session/abstract/id.rb:226:in `call'
actionpack (5.1.4) lib/action_dispatch/middleware/cookies.rb:613:in `call'
activerecord (5.1.4) lib/active_record/migration.rb:556:in `call'
actionpack (5.1.4) lib/action_dispatch/middleware/callbacks.rb:26:in `block in call'
activesupport (5.1.4) lib/active_support/callbacks.rb:97:in `run_callbacks'
actionpack (5.1.4) lib/action_dispatch/middleware/callbacks.rb:24:in `call'
actionpack (5.1.4) lib/action_dispatch/middleware/executor.rb:12:in `call'
actionpack (5.1.4) lib/action_dispatch/middleware/debug_exceptions.rb:59:in `call'
web-console (3.5.1) lib/web_console/middleware.rb:135:in `call_app'
web-console (3.5.1) lib/web_console/middleware.rb:28:in `block in call'
web-console (3.5.1) lib/web_console/middleware.rb:18:in `catch'
web-console (3.5.1) lib/web_console/middleware.rb:18:in `call'
actionpack (5.1.4) lib/action_dispatch/middleware/show_exceptions.rb:31:in `call'
railties (5.1.4) lib/rails/rack/logger.rb:36:in `call_app'
railties (5.1.4) lib/rails/rack/logger.rb:24:in `block in call'
activesupport (5.1.4) lib/active_support/tagged_logging.rb:69:in `block in tagged'
activesupport (5.1.4) lib/active_support/tagged_logging.rb:26:in `tagged'
activesupport (5.1.4) lib/active_support/tagged_logging.rb:69:in `tagged'
railties (5.1.4) lib/rails/rack/logger.rb:24:in `call'
sprockets-rails (3.2.1) lib/sprockets/rails/quiet_assets.rb:13:in `call'
actionpack (5.1.4) lib/action_dispatch/middleware/remote_ip.rb:79:in `call'
actionpack (5.1.4) lib/action_dispatch/middleware/request_id.rb:25:in `call'
rack (2.0.3) lib/rack/method_override.rb:22:in `call'
rack (2.0.3) lib/rack/runtime.rb:22:in `call'
activesupport (5.1.4) lib/active_support/cache/strategy/local_cache_middleware.rb:27:in `call'
actionpack (5.1.4) lib/action_dispatch/middleware/executor.rb:12:in `call'
actionpack (5.1.4) lib/action_dispatch/middleware/static.rb:125:in `call'
rack (2.0.3) lib/rack/sendfile.rb:111:in `call'
webpacker (3.0.2) lib/webpacker/dev_server_proxy.rb:17:in `perform_request'
rack-proxy (0.6.3) lib/rack/proxy.rb:57:in `call'
railties (5.1.4) lib/rails/engine.rb:522:in `call'
puma (3.11.2) lib/puma/configuration.rb:225:in `call'
puma (3.11.2) lib/puma/server.rb:624:in `handle_request'
puma (3.11.2) lib/puma/server.rb:438:in `process_client'
puma (3.11.2) lib/puma/server.rb:302:in `block in run'
puma (3.11.2) lib/puma/thread_pool.rb:120:in `block in spawn_thread'
Started GET "/threads/new" for 127.0.0.1 at 2018-01-23 19:34:52 -0500
Processing by ThreadsController#new as HTML
Completed 401 Unauthorized in 9ms (ActiveRecord: 0.0ms)


Started GET "/users/sign_in" for 127.0.0.1 at 2018-01-23 19:34:52 -0500
Processing by Devise::SessionsController#new as HTML
  Rendering devise/sessions/new.html.erb within layouts/application
  Rendered devise/shared/_links.html.erb (2.4ms)
  Rendered devise/sessions/new.html.erb within layouts/application (24.4ms)
Completed 200 OK in 111ms (Views: 66.4ms | ActiveRecord: 14.5ms)


Started POST "/users/sign_in" for 127.0.0.1 at 2018-01-23 19:35:03 -0500
Processing by Devise::SessionsController#create as HTML
  Parameters: {"utf8"=>"✓", "authenticity_token"=>"TR+9ayn/bq2FZyBLkDDooPwVJ3mfGVos1dwGRWm2vQt/ccfc+7fRP0zqKJS27LD4NRgBvX+ArqD0nhCGQheYRA==", "user"=>{"email"=>"test@test.com", "password"=>"[FILTERED]", "remember_me"=>"0"}, "commit"=>"Log in"}
  [1m[36mUser Load (5.5ms)[0m  [1m[34mSELECT  "users".* FROM "users" WHERE "users"."email" = $1 ORDER BY "users"."id" ASC LIMIT $2[0m  [["email", "test@test.com"], ["LIMIT", 1]]
Completed 401 Unauthorized in 13ms (ActiveRecord: 5.5ms)


Processing by Devise::SessionsController#new as HTML
  Parameters: {"utf8"=>"✓", "authenticity_token"=>"TR+9ayn/bq2FZyBLkDDooPwVJ3mfGVos1dwGRWm2vQt/ccfc+7fRP0zqKJS27LD4NRgBvX+ArqD0nhCGQheYRA==", "user"=>{"email"=>"test@test.com", "password"=>"[FILTERED]", "remember_me"=>"0"}, "commit"=>"Log in"}
  Rendering devise/sessions/new.html.erb within layouts/application
  Rendered devise/shared/_links.html.erb (1.1ms)
  Rendered devise/sessions/new.html.erb within layouts/application (5.6ms)
Completed 200 OK in 234ms (Views: 42.6ms | ActiveRecord: 0.0ms)


Started POST "/users/sign_in" for 127.0.0.1 at 2018-01-23 19:35:13 -0500
Processing by Devise::SessionsController#create as HTML
  Parameters: {"utf8"=>"✓", "authenticity_token"=>"rapcpbqQoCiT0WTBzj3g8kZZrMcAhvbnLnUeo+u3CrCfxCYSaNgfulpcbB7o4biqj1SKA+AfAmsPNwhgwBYv/w==", "user"=>{"email"=>"test@test.com", "password"=>"[FILTERED]", "remember_me"=>"0"}, "commit"=>"Log in"}
  [1m[36mUser Load (0.7ms)[0m  [1m[34mSELECT  "users".* FROM "users" WHERE "users"."email" = $1 ORDER BY "users"."id" ASC LIMIT $2[0m  [["email", "test@test.com"], ["LIMIT", 1]]
Completed 401 Unauthorized in 4ms (ActiveRecord: 0.7ms)


Processing by Devise::SessionsController#new as HTML
  Parameters: {"utf8"=>"✓", "authenticity_token"=>"rapcpbqQoCiT0WTBzj3g8kZZrMcAhvbnLnUeo+u3CrCfxCYSaNgfulpcbB7o4biqj1SKA+AfAmsPNwhgwBYv/w==", "user"=>{"email"=>"test@test.com", "password"=>"[FILTERED]", "remember_me"=>"0"}, "commit"=>"Log in"}
  Rendering devise/sessions/new.html.erb within layouts/application
  Rendered devise/shared/_links.html.erb (1.0ms)
  Rendered devise/sessions/new.html.erb within layouts/application (4.6ms)
Completed 200 OK in 206ms (Views: 38.1ms | ActiveRecord: 0.0ms)


Started GET "/users/sign_up" for 127.0.0.1 at 2018-01-23 19:35:20 -0500
Processing by Devise::RegistrationsController#new as HTML
  Rendering devise/registrations/new.html.erb within layouts/application
  Rendered devise/shared/_links.html.erb (1.4ms)
  Rendered devise/registrations/new.html.erb within layouts/application (6.2ms)
Completed 200 OK in 41ms (Views: 39.1ms | ActiveRecord: 0.0ms)


Started POST "/users" for 127.0.0.1 at 2018-01-23 19:35:37 -0500
Processing by Devise::RegistrationsController#create as HTML
  Parameters: {"utf8"=>"✓", "authenticity_token"=>"jT1bb8mbHEvBOAzthSDCPm1jPnB9qqsnpAerMTBKvoa/UyHYG9Oj2Qi1BDKj/JpmpG4YtJ0zX6uFRb3yG+ubyQ==", "user"=>{"email"=>"test@test.com", "password"=>"[FILTERED]", "password_confirmation"=>"[FILTERED]", "location"=>"Boston, MA"}, "commit"=>"Sign up"}
Unpermitted parameter: :location
  [1m[35m (0.3ms)[0m  [1m[35mBEGIN[0m
  [1m[36mUser Exists (0.8ms)[0m  [1m[34mSELECT  1 AS one FROM "users" WHERE "users"."email" = $1 LIMIT $2[0m  [["email", "test@test.com"], ["LIMIT", 1]]
  [1m[35m (0.4ms)[0m  [1m[31mROLLBACK[0m
  Rendering devise/registrations/new.html.erb within layouts/application
  Rendered devise/shared/_links.html.erb (1.4ms)
  Rendered devise/registrations/new.html.erb within layouts/application (7.8ms)
Completed 200 OK in 237ms (Views: 41.3ms | ActiveRecord: 1.5ms)


Started POST "/users" for 127.0.0.1 at 2018-01-23 19:35:51 -0500
Processing by Devise::RegistrationsController#create as HTML
  Parameters: {"utf8"=>"✓", "authenticity_token"=>"Qx6RkThr2l1fEWwLIixhroB64ZKG9902mO/WHRxuDEhxcOsm6iNlz5acZNQE8Dn2SXfHVmZuKbq5rcDeN88pBw==", "user"=>{"email"=>"test@test.com", "password"=>"[FILTERED]", "password_confirmation"=>"[FILTERED]", "location"=>"boston"}, "commit"=>"Sign up"}
Unpermitted parameter: :location
  [1m[35m (0.2ms)[0m  [1m[35mBEGIN[0m
  [1m[36mUser Exists (0.8ms)[0m  [1m[34mSELECT  1 AS one FROM "users" WHERE "users"."email" = $1 LIMIT $2[0m  [["email", "test@test.com"], ["LIMIT", 1]]
  [1m[35m (0.3ms)[0m  [1m[31mROLLBACK[0m
  Rendering devise/registrations/new.html.erb within layouts/application
  Rendered devise/shared/_links.html.erb (0.9ms)
  Rendered devise/registrations/new.html.erb within layouts/application (5.2ms)
Completed 200 OK in 230ms (Views: 41.0ms | ActiveRecord: 1.3ms)


  [1m[35m (1.2ms)[0m  [1m[34mSELECT pg_try_advisory_lock(1653252255123890610)[0m
  [1m[35m (3.6ms)[0m  [1m[34mSELECT "schema_migrations"."version" FROM "schema_migrations" ORDER BY "schema_migrations"."version" ASC[0m
Migrating to CreateUpdateUsersTable (20180124003712)
  [1m[35m (0.3ms)[0m  [1m[35mBEGIN[0m
  [1m[35m (4.0ms)[0m  [1m[35mALTER TABLE "users" ALTER COLUMN "location" TYPE character varying[0m
  [1m[35m (23.8ms)[0m  [1m[35mCREATE TABLE "update_users_tables" ("id" bigserial primary key)[0m
  [1m[35mSQL (0.6ms)[0m  [1m[32mINSERT INTO "schema_migrations" ("version") VALUES ($1) RETURNING "version"[0m  [["version", "20180124003712"]]
  [1m[35m (1.7ms)[0m  [1m[35mCOMMIT[0m
  [1m[36mActiveRecord::InternalMetadata Load (1.2ms)[0m  [1m[34mSELECT  "ar_internal_metadata".* FROM "ar_internal_metadata" WHERE "ar_internal_metadata"."key" = $1 LIMIT $2[0m  [["key", "environment"], ["LIMIT", 1]]
  [1m[35m (0.4ms)[0m  [1m[35mBEGIN[0m
  [1m[35m (0.4ms)[0m  [1m[35mCOMMIT[0m
  [1m[35m (0.5ms)[0m  [1m[34mSELECT pg_advisory_unlock(1653252255123890610)[0m
  [1m[35m (0.5ms)[0m  [1m[34mSELECT "schema_migrations"."version" FROM "schema_migrations" ORDER BY "schema_migrations"."version" ASC[0m
  [1m[35m (1.2ms)[0m  [1m[34mSELECT "schema_migrations"."version" FROM "schema_migrations" ORDER BY "schema_migrations"."version" ASC[0m
  [1m[35m (0.3ms)[0m  [1m[34mSELECT pg_try_advisory_lock(1653252255123890610)[0m
  [1m[35m (0.4ms)[0m  [1m[34mSELECT "schema_migrations"."version" FROM "schema_migrations" ORDER BY "schema_migrations"."version" ASC[0m
Migrating to CreateUpdateUsersTable (20180124003712)
  [1m[35m (0.3ms)[0m  [1m[35mBEGIN[0m
  [1m[35m (3.3ms)[0m  [1m[35mDROP TABLE "update_users_tables"[0m
  [1m[35mSQL (0.8ms)[0m  [1m[31mDELETE FROM "schema_migrations" WHERE "schema_migrations"."version" = $1[0m  [["version", "20180124003712"]]
  [1m[35m (3.8ms)[0m  [1m[35mCOMMIT[0m
  [1m[35m (0.5ms)[0m  [1m[34mSELECT pg_advisory_unlock(1653252255123890610)[0m
  [1m[35m (0.5ms)[0m  [1m[34mSELECT "schema_migrations"."version" FROM "schema_migrations" ORDER BY "schema_migrations"."version" ASC[0m
  [1m[35m (0.4ms)[0m  [1m[34mSELECT pg_try_advisory_lock(1653252255123890610)[0m
  [1m[35m (1.9ms)[0m  [1m[34mSELECT "schema_migrations"."version" FROM "schema_migrations" ORDER BY "schema_migrations"."version" ASC[0m
Migrating to CreateUpdateUsersTable (20180124003712)
  [1m[35m (0.3ms)[0m  [1m[35mBEGIN[0m
  [1m[35m (1.0ms)[0m  [1m[35mALTER TABLE "users" ALTER COLUMN "location" TYPE character varying[0m
  [1m[35m (7.8ms)[0m  [1m[35mCREATE TABLE "update_users_tables" ("id" bigserial primary key)[0m
  [1m[35mSQL (0.7ms)[0m  [1m[32mINSERT INTO "schema_migrations" ("version") VALUES ($1) RETURNING "version"[0m  [["version", "20180124003712"]]
  [1m[35m (0.7ms)[0m  [1m[35mCOMMIT[0m
  [1m[36mActiveRecord::InternalMetadata Load (0.5ms)[0m  [1m[34mSELECT  "ar_internal_metadata".* FROM "ar_internal_metadata" WHERE "ar_internal_metadata"."key" = $1 LIMIT $2[0m  [["key", "environment"], ["LIMIT", 1]]
  [1m[35m (0.3ms)[0m  [1m[35mBEGIN[0m
  [1m[35m (0.3ms)[0m  [1m[35mCOMMIT[0m
  [1m[35m (0.4ms)[0m  [1m[34mSELECT pg_advisory_unlock(1653252255123890610)[0m
  [1m[35m (0.7ms)[0m  [1m[34mSELECT "schema_migrations"."version" FROM "schema_migrations" ORDER BY "schema_migrations"."version" ASC[0m
  [1m[35m (1.9ms)[0m  [1m[34mSELECT "schema_migrations"."version" FROM "schema_migrations" ORDER BY "schema_migrations"."version" ASC[0m
  [1m[35m (0.4ms)[0m  [1m[34mSELECT pg_try_advisory_lock(1653252255123890610)[0m
  [1m[35m (0.4ms)[0m  [1m[34mSELECT "schema_migrations"."version" FROM "schema_migrations" ORDER BY "schema_migrations"."version" ASC[0m
Migrating to CreateUpdateUsersTable (20180124003712)
  [1m[35m (0.3ms)[0m  [1m[35mBEGIN[0m
  [1m[35m (2.8ms)[0m  [1m[35mDROP TABLE "update_users_tables"[0m
  [1m[35mSQL (1.0ms)[0m  [1m[31mDELETE FROM "schema_migrations" WHERE "schema_migrations"."version" = $1[0m  [["version", "20180124003712"]]
  [1m[35m (3.2ms)[0m  [1m[35mCOMMIT[0m
  [1m[35m (0.5ms)[0m  [1m[34mSELECT pg_advisory_unlock(1653252255123890610)[0m
  [1m[35m (0.6ms)[0m  [1m[34mSELECT "schema_migrations"."version" FROM "schema_migrations" ORDER BY "schema_migrations"."version" ASC[0m
  [1m[35m (0.3ms)[0m  [1m[34mSELECT pg_try_advisory_lock(1653252255123890610)[0m
  [1m[35m (2.7ms)[0m  [1m[34mSELECT "schema_migrations"."version" FROM "schema_migrations" ORDER BY "schema_migrations"."version" ASC[0m
Migrating to CreateUpdateUsersTable (20180124003712)
  [1m[35m (0.3ms)[0m  [1m[35mBEGIN[0m
  [1m[35m (4.5ms)[0m  [1m[35mALTER TABLE "users" DROP "location"[0m
  [1m[35mSQL (0.6ms)[0m  [1m[32mINSERT INTO "schema_migrations" ("version") VALUES ($1) RETURNING "version"[0m  [["version", "20180124003712"]]
  [1m[35m (0.9ms)[0m  [1m[35mCOMMIT[0m
  [1m[36mActiveRecord::InternalMetadata Load (0.5ms)[0m  [1m[34mSELECT  "ar_internal_metadata".* FROM "ar_internal_metadata" WHERE "ar_internal_metadata"."key" = $1 LIMIT $2[0m  [["key", "environment"], ["LIMIT", 1]]
  [1m[35m (0.3ms)[0m  [1m[35mBEGIN[0m
  [1m[35m (0.2ms)[0m  [1m[35mCOMMIT[0m
  [1m[35m (0.4ms)[0m  [1m[34mSELECT pg_advisory_unlock(1653252255123890610)[0m
  [1m[35m (0.5ms)[0m  [1m[34mSELECT "schema_migrations"."version" FROM "schema_migrations" ORDER BY "schema_migrations"."version" ASC[0m
  [1m[35m (1.3ms)[0m  [1m[34mSELECT "schema_migrations"."version" FROM "schema_migrations" ORDER BY "schema_migrations"."version" ASC[0m
  [1m[35m (0.3ms)[0m  [1m[34mSELECT pg_try_advisory_lock(1653252255123890610)[0m
  [1m[35m (0.4ms)[0m  [1m[34mSELECT "schema_migrations"."version" FROM "schema_migrations" ORDER BY "schema_migrations"."version" ASC[0m
Migrating to CreateUpdateUsersTable (20180124003712)
  [1m[35m (0.3ms)[0m  [1m[35mBEGIN[0m
  [1m[35m (5.9ms)[0m  [1m[35mALTER TABLE "users" DROP "location"[0m
  [1m[35m (0.2ms)[0m  [1m[31mROLLBACK[0m
  [1m[35m (0.3ms)[0m  [1m[34mSELECT pg_advisory_unlock(1653252255123890610)[0m
  [1m[35m (0.4ms)[0m  [1m[34mSELECT pg_try_advisory_lock(1653252255123890610)[0m
  [1m[35m (1.4ms)[0m  [1m[34mSELECT "schema_migrations"."version" FROM "schema_migrations" ORDER BY "schema_migrations"."version" ASC[0m
  [1m[36mActiveRecord::InternalMetadata Load (0.6ms)[0m  [1m[34mSELECT  "ar_internal_metadata".* FROM "ar_internal_metadata" WHERE "ar_internal_metadata"."key" = $1 LIMIT $2[0m  [["key", "environment"], ["LIMIT", 1]]
  [1m[35m (0.4ms)[0m  [1m[35mBEGIN[0m
  [1m[35m (0.3ms)[0m  [1m[35mCOMMIT[0m
  [1m[35m (0.4ms)[0m  [1m[34mSELECT pg_advisory_unlock(1653252255123890610)[0m
  [1m[35m (0.4ms)[0m  [1m[34mSELECT "schema_migrations"."version" FROM "schema_migrations" ORDER BY "schema_migrations"."version" ASC[0m
Started POST "/users" for 127.0.0.1 at 2018-01-23 19:45:46 -0500
  [1m[35m (0.9ms)[0m  [1m[34mSELECT "schema_migrations"."version" FROM "schema_migrations" ORDER BY "schema_migrations"."version" ASC[0m
Processing by Devise::RegistrationsController#create as HTML
  Parameters: {"utf8"=>"✓", "authenticity_token"=>"Qx6RkThr2l1fEWwLIixhroB64ZKG9902mO/WHRxuDEhxcOsm6iNlz5acZNQE8Dn2SXfHVmZuKbq5rcDeN88pBw==", "user"=>{"email"=>"test@test.com", "password"=>"[FILTERED]", "password_confirmation"=>"[FILTERED]", "location"=>"boston"}, "commit"=>"Sign up"}
Unpermitted parameter: :location
  [1m[35m (0.5ms)[0m  [1m[35mBEGIN[0m
  [1m[36mUser Exists (0.9ms)[0m  [1m[34mSELECT  1 AS one FROM "users" WHERE "users"."email" = $1 LIMIT $2[0m  [["email", "test@test.com"], ["LIMIT", 1]]
  [1m[35mSQL (4.8ms)[0m  [1m[32mINSERT INTO "users" ("email", "encrypted_password", "created_at", "updated_at") VALUES ($1, $2, $3, $4) RETURNING "id"[0m  [["email", "test@test.com"], ["encrypted_password", "$2a$11$BefUhm2ZmIuxNVlh5DJPzOd5lBKU2Nfe/3RuNvtuntziN70mP9SAC"], ["created_at", "2018-01-24 00:45:46.941310"], ["updated_at", "2018-01-24 00:45:46.941310"]]
  [1m[35m (0.6ms)[0m  [1m[35mCOMMIT[0m
  [1m[35m (0.4ms)[0m  [1m[35mBEGIN[0m
  [1m[35mSQL (1.2ms)[0m  [1m[33mUPDATE "users" SET "sign_in_count" = $1, "current_sign_in_at" = $2, "last_sign_in_at" = $3, "current_sign_in_ip" = $4, "last_sign_in_ip" = $5, "updated_at" = $6 WHERE "users"."id" = $7[0m  [["sign_in_count", 1], ["current_sign_in_at", "2018-01-24 00:45:46.951127"], ["last_sign_in_at", "2018-01-24 00:45:46.951127"], ["current_sign_in_ip", "127.0.0.1/32"], ["last_sign_in_ip", "127.0.0.1/32"], ["updated_at", "2018-01-24 00:45:46.952878"], ["id", 1]]
  [1m[35m (0.6ms)[0m  [1m[35mCOMMIT[0m
Redirected to http://localhost:3000/threads/new
Completed 302 Found in 269ms (ActiveRecord: 22.9ms)


Started GET "/threads/new" for 127.0.0.1 at 2018-01-23 19:45:46 -0500
Processing by ThreadsController#new as HTML
  [1m[36mUser Load (1.4ms)[0m  [1m[34mSELECT  "users".* FROM "users" WHERE "users"."id" = $1 ORDER BY "users"."id" ASC LIMIT $2[0m  [["id", 1], ["LIMIT", 1]]
Completed 401 Unauthorized in 7ms (ActiveRecord: 1.4ms)


  
ThreadError (must be called with a block):
  
app/controllers/threads_controller.rb:5:in `initialize'
app/controllers/threads_controller.rb:5:in `new'
app/controllers/threads_controller.rb:5:in `new'
Started GET "/threads/new" for 127.0.0.1 at 2018-01-23 19:58:33 -0500
Processing by ThreadsController#new as HTML
  [1m[36mUser Load (0.8ms)[0m  [1m[34mSELECT  "users".* FROM "users" WHERE "users"."id" = $1 ORDER BY "users"."id" ASC LIMIT $2[0m  [["id", 1], ["LIMIT", 1]]
Completed 401 Unauthorized in 56ms (ActiveRecord: 11.7ms)


  
ThreadError (must be called with a block):
  
app/controllers/threads_controller.rb:9:in `initialize'
app/controllers/threads_controller.rb:9:in `new'
app/controllers/threads_controller.rb:9:in `new'
Started GET "/threads/" for 127.0.0.1 at 2018-01-23 20:24:58 -0500
Processing by ThreadsController#index as HTML
Completed 401 Unauthorized in 67ms (ActiveRecord: 0.0ms)


  
NoMethodError (undefined method `all' for Thread:Class):
  
app/controllers/threads_controller.rb:5:in `index'
Started GET "/threads/" for 127.0.0.1 at 2018-01-23 20:26:12 -0500
Processing by ThreadsController#index as HTML
Completed 401 Unauthorized in 39ms (ActiveRecord: 0.0ms)


  
NoMethodError (undefined method `all' for Thread:Class):
  
app/controllers/threads_controller.rb:5:in `index'
Started GET "/threads/new" for 127.0.0.1 at 2018-01-23 20:26:18 -0500
Processing by ThreadsController#new as HTML
  [1m[36mUser Load (0.9ms)[0m  [1m[34mSELECT  "users".* FROM "users" WHERE "users"."id" = $1 ORDER BY "users"."id" ASC LIMIT $2[0m  [["id", 1], ["LIMIT", 1]]
Completed 401 Unauthorized in 70ms (ActiveRecord: 22.4ms)


  
ThreadError (must be called with a block):
  
app/controllers/threads_controller.rb:9:in `initialize'
app/controllers/threads_controller.rb:9:in `new'
app/controllers/threads_controller.rb:9:in `new'
Started GET "/threads/new" for 127.0.0.1 at 2018-01-23 20:27:56 -0500
Processing by ThreadsController#new as HTML
  [1m[36mUser Load (1.6ms)[0m  [1m[34mSELECT  "users".* FROM "users" WHERE "users"."id" = $1 ORDER BY "users"."id" ASC LIMIT $2[0m  [["id", 1], ["LIMIT", 1]]
Completed 401 Unauthorized in 19ms (ActiveRecord: 1.6ms)


  
ThreadError (must be called with a block):
  
app/controllers/threads_controller.rb:9:in `initialize'
app/controllers/threads_controller.rb:9:in `new'
app/controllers/threads_controller.rb:9:in `new'
Started GET "/" for 127.0.0.1 at 2018-01-24 18:25:52 -0500
  [1m[35m (2.0ms)[0m  [1m[34mSELECT "schema_migrations"."version" FROM "schema_migrations" ORDER BY "schema_migrations"."version" ASC[0m
Processing by HomesController#index as HTML
  Rendering homes/index.html.erb within layouts/application
  Rendered homes/index.html.erb within layouts/application (1.5ms)
  [1m[36mUser Load (5.4ms)[0m  [1m[34mSELECT  "users".* FROM "users" WHERE "users"."id" = $1 ORDER BY "users"."id" ASC LIMIT $2[0m  [["id", 1], ["LIMIT", 1]]
Completed 200 OK in 2914ms (Views: 2886.6ms | ActiveRecord: 24.4ms)


Started GET "/threads" for 127.0.0.1 at 2018-01-24 18:26:08 -0500
Processing by ThreadsController#index as HTML
  [1m[36mUser Load (0.7ms)[0m  [1m[34mSELECT  "users".* FROM "users" WHERE "users"."id" = $1 ORDER BY "users"."id" ASC LIMIT $2[0m  [["id", 1], ["LIMIT", 1]]
Completed 401 Unauthorized in 12ms (ActiveRecord: 0.7ms)


  
NoMethodError (undefined method `all' for Thread:Class):
  
app/controllers/threads_controller.rb:5:in `index'
Started GET "/threads/new" for 127.0.0.1 at 2018-01-24 18:28:05 -0500
Processing by ThreadsController#new as HTML
  [1m[36mUser Load (1.8ms)[0m  [1m[34mSELECT  "users".* FROM "users" WHERE "users"."id" = $1 ORDER BY "users"."id" ASC LIMIT $2[0m  [["id", 1], ["LIMIT", 1]]
Completed 401 Unauthorized in 25ms (ActiveRecord: 1.8ms)


  
ThreadError (must be called with a block):
  
app/controllers/threads_controller.rb:9:in `initialize'
app/controllers/threads_controller.rb:9:in `new'
app/controllers/threads_controller.rb:9:in `new'
Started GET "/threads" for 127.0.0.1 at 2018-01-24 18:29:56 -0500
Processing by ThreadsController#index as HTML
  [1m[36mUser Load (6.3ms)[0m  [1m[34mSELECT  "users".* FROM "users" WHERE "users"."id" = $1 ORDER BY "users"."id" ASC LIMIT $2[0m  [["id", 1], ["LIMIT", 1]]
Completed 401 Unauthorized in 50ms (ActiveRecord: 6.3ms)


  
NoMethodError (undefined method `all' for Thread:Class):
  
app/controllers/threads_controller.rb:5:in `index'
Started GET "/threads" for 127.0.0.1 at 2018-01-24 18:31:16 -0500
Processing by ThreadsController#index as HTML
  [1m[36mUser Load (1.0ms)[0m  [1m[34mSELECT  "users".* FROM "users" WHERE "users"."id" = $1 ORDER BY "users"."id" ASC LIMIT $2[0m  [["id", 1], ["LIMIT", 1]]
Completed 401 Unauthorized in 70ms (ActiveRecord: 11.7ms)


  
NoMethodError (undefined method `all' for Thread:Class):
  
app/controllers/threads_controller.rb:5:in `index'
Started GET "/threads" for 127.0.0.1 at 2018-01-24 18:31:33 -0500
Processing by ThreadsController#index as HTML
  [1m[36mUser Load (1.1ms)[0m  [1m[34mSELECT  "users".* FROM "users" WHERE "users"."id" = $1 ORDER BY "users"."id" ASC LIMIT $2[0m  [["id", 1], ["LIMIT", 1]]
Completed 401 Unauthorized in 13ms (ActiveRecord: 1.1ms)


  
NoMethodError (undefined method `all' for Thread:Class):
  
app/controllers/threads_controller.rb:5:in `index'
Started GET "/" for 127.0.0.1 at 2018-01-29 14:10:59 -0500
  [1m[35m (3.0ms)[0m  [1m[34mSELECT "schema_migrations"."version" FROM "schema_migrations" ORDER BY "schema_migrations"."version" ASC[0m
Processing by ThreadsController#index as HTML
  [1m[36mUser Load (5.6ms)[0m  [1m[34mSELECT  "users".* FROM "users" WHERE "users"."id" = $1 ORDER BY "users"."id" ASC LIMIT $2[0m  [["id", 1], ["LIMIT", 1]]
Started GET "/" for 127.0.0.1 at 2018-01-29 14:11:30 -0500
Completed 401 Unauthorized in 40682ms (ActiveRecord: 22.8ms)


  
NoMethodError (undefined method `all' for Thread:Class):
  
app/controllers/threads_controller.rb:6:in `index'
Processing by ThreadsController#index as HTML
  [1m[36mUser Load (0.9ms)[0m  [1m[34mSELECT  "users".* FROM "users" WHERE "users"."id" = $1 ORDER BY "users"."id" ASC LIMIT $2[0m  [["id", 1], ["LIMIT", 1]]
Completed 401 Unauthorized in 45ms (ActiveRecord: 10.5ms)


  
NoMethodError (undefined method `all' for Thread:Class):
  
app/controllers/threads_controller.rb:5:in `index'
Started GET "/" for 127.0.0.1 at 2018-01-29 14:15:35 -0500
Processing by ThreadsController#index as HTML
  [1m[36mUser Load (2.2ms)[0m  [1m[34mSELECT  "users".* FROM "users" WHERE "users"."id" = $1 ORDER BY "users"."id" ASC LIMIT $2[0m  [["id", 1], ["LIMIT", 1]]
Completed 401 Unauthorized in 44ms (ActiveRecord: 2.2ms)


  
NoMethodError (undefined method `all' for Thread:Class):
  
app/controllers/threads_controller.rb:5:in `index'
Started GET "/" for 127.0.0.1 at 2018-01-29 14:18:58 -0500
Processing by ThreadsController#index as HTML
Completed 401 Unauthorized in 3ms (ActiveRecord: 0.0ms)


  
NoMethodError (undefined method `all' for Thread:Class):
  
app/controllers/threads_controller.rb:5:in `index'
Started GET "/threads" for 127.0.0.1 at 2018-01-29 14:19:05 -0500
Processing by ThreadsController#index as HTML
Completed 401 Unauthorized in 2ms (ActiveRecord: 0.0ms)


  
NoMethodError (undefined method `all' for Thread:Class):
  
app/controllers/threads_controller.rb:5:in `index'
Started GET "/threads/new" for 127.0.0.1 at 2018-01-29 14:19:14 -0500
Processing by ThreadsController#new as HTML
  [1m[36mUser Load (0.9ms)[0m  [1m[34mSELECT  "users".* FROM "users" WHERE "users"."id" = $1 ORDER BY "users"."id" ASC LIMIT $2[0m  [["id", 1], ["LIMIT", 1]]
Completed 401 Unauthorized in 58ms (ActiveRecord: 12.5ms)


  
NoMethodError (undefined method `admin?' for #<User:0x007ff778b94340>):
  
app/controllers/threads_controller.rb:35:in `authorize_user?'
Started GET "/threads/new" for 127.0.0.1 at 2018-01-29 14:20:14 -0500
Processing by ThreadsController#new as HTML
  [1m[36mUser Load (0.8ms)[0m  [1m[34mSELECT  "users".* FROM "users" WHERE "users"."id" = $1 ORDER BY "users"."id" ASC LIMIT $2[0m  [["id", 1], ["LIMIT", 1]]
Completed 401 Unauthorized in 58ms (ActiveRecord: 12.9ms)


  
NoMethodError (undefined method `admin?' for #<User:0x007ff77897e060>):
  
app/controllers/threads_controller.rb:35:in `authorize_user?'
Started GET "/threads/new" for 127.0.0.1 at 2018-01-29 14:20:17 -0500
Processing by ThreadsController#new as HTML
  [1m[36mUser Load (0.7ms)[0m  [1m[34mSELECT  "users".* FROM "users" WHERE "users"."id" = $1 ORDER BY "users"."id" ASC LIMIT $2[0m  [["id", 1], ["LIMIT", 1]]
Completed 401 Unauthorized in 15ms (ActiveRecord: 0.7ms)


  
NoMethodError (undefined method `admin?' for #<User:0x007ff778a97f50>):
  
app/controllers/threads_controller.rb:35:in `authorize_user?'
Started GET "/threads/new" for 127.0.0.1 at 2018-01-29 14:21:22 -0500
Processing by ThreadsController#new as HTML
  [1m[36mUser Load (1.8ms)[0m  [1m[34mSELECT  "users".* FROM "users" WHERE "users"."id" = $1 ORDER BY "users"."id" ASC LIMIT $2[0m  [["id", 1], ["LIMIT", 1]]
Completed 401 Unauthorized in 55ms (ActiveRecord: 1.8ms)


  
NoMethodError (undefined method `admin?' for #<User:0x007ff7758f9228>):
  
app/controllers/threads_controller.rb:35:in `authorize_user?'
Started GET "/threads/new" for 127.0.0.1 at 2018-01-29 14:21:24 -0500
Processing by ThreadsController#new as HTML
  [1m[36mUser Load (0.7ms)[0m  [1m[34mSELECT  "users".* FROM "users" WHERE "users"."id" = $1 ORDER BY "users"."id" ASC LIMIT $2[0m  [["id", 1], ["LIMIT", 1]]
Completed 401 Unauthorized in 20ms (ActiveRecord: 0.7ms)


  
NoMethodError (undefined method `admin?' for #<User:0x007ff77438f3b0>):
  
app/controllers/threads_controller.rb:35:in `authorize_user?'
Started GET "/threads/new" for 127.0.0.1 at 2018-01-29 14:22:45 -0500
Processing by ThreadsController#new as HTML
  [1m[36mUser Load (1.1ms)[0m  [1m[34mSELECT  "users".* FROM "users" WHERE "users"."id" = $1 ORDER BY "users"."id" ASC LIMIT $2[0m  [["id", 1], ["LIMIT", 1]]
Completed 401 Unauthorized in 72ms (ActiveRecord: 13.7ms)


  
NameError (undefined local variable or method `role' for #<User:0x007ff773ec61a8>):
  
app/models/user.rb:10:in `admin?'
app/controllers/threads_controller.rb:35:in `authorize_user?'
  [1m[35m (4.9ms)[0m  [1m[34mSELECT pg_try_advisory_lock(1653252255123890610)[0m
  [1m[35m (3.0ms)[0m  [1m[34mSELECT "schema_migrations"."version" FROM "schema_migrations" ORDER BY "schema_migrations"."version" ASC[0m
Migrating to CreateAddRoleToUsers (20180129192405)
  [1m[35m (1.7ms)[0m  [1m[35mBEGIN[0m
  [1m[35m (104.2ms)[0m  [1m[35mALTER TABLE "users" ADD "role" character varying DEFAULT 'member' NOT NULL[0m
  [1m[35mSQL (3.6ms)[0m  [1m[32mINSERT INTO "schema_migrations" ("version") VALUES ($1) RETURNING "version"[0m  [["version", "20180129192405"]]
  [1m[35m (4.2ms)[0m  [1m[35mCOMMIT[0m
  [1m[36mActiveRecord::InternalMetadata Load (1.3ms)[0m  [1m[34mSELECT  "ar_internal_metadata".* FROM "ar_internal_metadata" WHERE "ar_internal_metadata"."key" = $1 LIMIT $2[0m  [["key", "environment"], ["LIMIT", 1]]
  [1m[35m (0.3ms)[0m  [1m[35mBEGIN[0m
  [1m[35m (0.3ms)[0m  [1m[35mCOMMIT[0m
  [1m[35m (0.6ms)[0m  [1m[34mSELECT pg_advisory_unlock(1653252255123890610)[0m
  [1m[35m (0.4ms)[0m  [1m[34mSELECT "schema_migrations"."version" FROM "schema_migrations" ORDER BY "schema_migrations"."version" ASC[0m
  [1m[35m (2.3ms)[0m  [1m[34mSELECT "schema_migrations"."version" FROM "schema_migrations" ORDER BY "schema_migrations"."version" ASC[0m
  [1m[35m (0.4ms)[0m  [1m[34mSELECT pg_try_advisory_lock(1653252255123890610)[0m
  [1m[35m (0.4ms)[0m  [1m[34mSELECT "schema_migrations"."version" FROM "schema_migrations" ORDER BY "schema_migrations"."version" ASC[0m
Migrating to CreateAddRoleToUsers (20180129192405)
  [1m[35m (0.3ms)[0m  [1m[35mBEGIN[0m
  [1m[35m (5.1ms)[0m  [1m[35mALTER TABLE "users" DROP "role"[0m
  [1m[35mSQL (0.9ms)[0m  [1m[31mDELETE FROM "schema_migrations" WHERE "schema_migrations"."version" = $1[0m  [["version", "20180129192405"]]
  [1m[35m (0.6ms)[0m  [1m[35mCOMMIT[0m
  [1m[35m (0.4ms)[0m  [1m[34mSELECT pg_advisory_unlock(1653252255123890610)[0m
  [1m[35m (0.5ms)[0m  [1m[34mSELECT "schema_migrations"."version" FROM "schema_migrations" ORDER BY "schema_migrations"."version" ASC[0m
  [1m[35m (0.3ms)[0m  [1m[34mSELECT pg_try_advisory_lock(1653252255123890610)[0m
  [1m[35m (1.6ms)[0m  [1m[34mSELECT "schema_migrations"."version" FROM "schema_migrations" ORDER BY "schema_migrations"."version" ASC[0m
Migrating to CreateAddRoleToUsers (20180129192405)
  [1m[35m (0.4ms)[0m  [1m[35mBEGIN[0m
  [1m[35m (12.5ms)[0m  [1m[35mALTER TABLE "users" ADD "role" character varying DEFAULT 'member' NOT NULL[0m
  [1m[35mSQL (0.9ms)[0m  [1m[32mINSERT INTO "schema_migrations" ("version") VALUES ($1) RETURNING "version"[0m  [["version", "20180129192405"]]
  [1m[35m (5.4ms)[0m  [1m[35mCOMMIT[0m
  [1m[36mActiveRecord::InternalMetadata Load (0.6ms)[0m  [1m[34mSELECT  "ar_internal_metadata".* FROM "ar_internal_metadata" WHERE "ar_internal_metadata"."key" = $1 LIMIT $2[0m  [["key", "environment"], ["LIMIT", 1]]
  [1m[35m (1.4ms)[0m  [1m[35mBEGIN[0m
  [1m[35m (0.5ms)[0m  [1m[35mCOMMIT[0m
  [1m[35m (1.0ms)[0m  [1m[34mSELECT pg_advisory_unlock(1653252255123890610)[0m
  [1m[35m (0.5ms)[0m  [1m[34mSELECT "schema_migrations"."version" FROM "schema_migrations" ORDER BY "schema_migrations"."version" ASC[0m
Started GET "/threads/new" for 127.0.0.1 at 2018-01-29 14:25:06 -0500
  [1m[35m (0.9ms)[0m  [1m[34mSELECT "schema_migrations"."version" FROM "schema_migrations" ORDER BY "schema_migrations"."version" ASC[0m
Processing by ThreadsController#new as HTML
  [1m[36mUser Load (1.5ms)[0m  [1m[34mSELECT  "users".* FROM "users" WHERE "users"."id" = $1 ORDER BY "users"."id" ASC LIMIT $2[0m  [["id", 1], ["LIMIT", 1]]
Redirected to http://localhost:3000/
Filter chain halted as :authorize_user? rendered or redirected
Completed 302 Found in 52ms (ActiveRecord: 11.6ms)


Started GET "/" for 127.0.0.1 at 2018-01-29 14:25:06 -0500
Processing by ThreadsController#index as HTML
Completed 401 Unauthorized in 18ms (ActiveRecord: 0.0ms)


  
NoMethodError (undefined method `all' for Thread:Class):
  
app/controllers/threads_controller.rb:5:in `index'
Started GET "/threads" for 127.0.0.1 at 2018-01-29 14:25:57 -0500
Processing by ThreadsController#index as HTML
Completed 401 Unauthorized in 10ms (ActiveRecord: 0.0ms)


  
NoMethodError (undefined method `all' for Thread:Class):
  
app/controllers/threads_controller.rb:5:in `index'
Started GET "/threads" for 127.0.0.1 at 2018-01-29 14:27:55 -0500
Processing by ThreadsController#index as HTML
Completed 401 Unauthorized in 9ms (ActiveRecord: 0.0ms)


  
NoMethodError (undefined method `all' for Thread:Class):
  
app/controllers/threads_controller.rb:5:in `index'
Started GET "/threads" for 127.0.0.1 at 2018-01-29 14:27:57 -0500
Processing by ThreadsController#index as HTML
Completed 401 Unauthorized in 3ms (ActiveRecord: 0.0ms)


  
NoMethodError (undefined method `all' for Thread:Class):
  
app/controllers/threads_controller.rb:5:in `index'
Started GET "/threads" for 127.0.0.1 at 2018-01-29 14:29:00 -0500
Processing by ThreadsController#index as HTML
Completed 401 Unauthorized in 11ms (ActiveRecord: 0.0ms)


  
NoMethodError (undefined method `all' for Thread:Class):
  
app/controllers/threads_controller.rb:5:in `index'
Started GET "/threads" for 127.0.0.1 at 2018-01-29 14:33:19 -0500
Processing by ThreadsController#index as HTML
Completed 401 Unauthorized in 3ms (ActiveRecord: 0.0ms)


  
NoMethodError (undefined method `all' for Thread:Class):
  
app/controllers/threads_controller.rb:5:in `index'
Started GET "/threads" for 127.0.0.1 at 2018-01-29 14:33:57 -0500
Processing by ThreadsController#index as HTML
Completed 401 Unauthorized in 2ms (ActiveRecord: 0.0ms)


  
NoMethodError (undefined method `all' for Thread:Class):
  
app/controllers/threads_controller.rb:5:in `index'
Started GET "/threads" for 127.0.0.1 at 2018-01-29 14:34:10 -0500
  [1m[35m (2.9ms)[0m  [1m[34mSELECT "schema_migrations"."version" FROM "schema_migrations" ORDER BY "schema_migrations"."version" ASC[0m
Processing by ThreadsController#index as HTML
Completed 401 Unauthorized in 2ms (ActiveRecord: 0.0ms)


  
NoMethodError (undefined method `all' for Thread:Class):
  
app/controllers/threads_controller.rb:5:in `index'
Started GET "/" for 127.0.0.1 at 2018-01-29 14:34:17 -0500
Processing by ThreadsController#index as HTML
Completed 401 Unauthorized in 2ms (ActiveRecord: 0.0ms)


  
NoMethodError (undefined method `all' for Thread:Class):
  
app/controllers/threads_controller.rb:5:in `index'
Started GET "/" for 127.0.0.1 at 2018-01-29 14:34:57 -0500
Processing by ThreadsController#index as HTML
Completed 401 Unauthorized in 2ms (ActiveRecord: 0.0ms)


  
NoMethodError (undefined method `all' for Thread:Class):
  
app/controllers/threads_controller.rb:5:in `index'
